<?xml version="1.0" encoding="UTF-8"?>
<coverage generated="1633140742597" clover="3.2.0">
  <project timestamp="1633140742597" name="All files">
    <metrics statements="9" coveredstatements="9" conditionals="6" coveredconditionals="6" methods="1" coveredmethods="1" elements="16" coveredelements="16" complexity="0" loc="9" ncloc="9" packages="1" files="1" classes="1"/>
    <file name="CalculadoraCadenas.js" path="D:\UNIVERSIDAD\SEMESTRE 6\ING DE SW\PROYECTOS\TDD calculadora strings\parcel-jest-base\src\CalculadoraCadenas.js">
      <metrics statements="9" coveredstatements="9" conditionals="6" coveredconditionals="6" methods="1" coveredmethods="1"/>
      <line num="2" count="9" type="stmt"/>
      <line num="3" count="9" type="stmt"/>
      <line num="4" count="9" type="stmt"/>
      <line num="5" count="29" type="cond" truecount="4" falsecount="0"/>
      <line num="7" count="20" type="stmt"/>
      <line num="8" count="20" type="cond" truecount="2" falsecount="0"/>
      <line num="9" count="14" type="stmt"/>
      <line num="11" count="23" type="stmt"/>
      <line num="13" count="3" type="stmt"/>
    </file>
  </project>
</coverage>
