{"D:\\UNIVERSIDAD\\SEMESTRE 6\\ING DE SW\\PROYECTOS\\TDD calculadora strings\\parcel-jest-base\\src\\CalculadoraCadenas.js": {"path":"D:\\UNIVERSIDAD\\SEMESTRE 6\\ING DE SW\\PROYECTOS\\TDD calculadora strings\\parcel-jest-base\\src\\CalculadoraCadenas.js","statementMap":{"0":{"start":{"line":2,"column":15},"end":{"line":2,"column":34}},"1":{"start":{"line":3,"column":15},"end":{"line":3,"column":34}},"2":{"start":{"line":4,"column":4},"end":{"line":4,"column":23}}},"fnMap":{"0":{"name":"calcularCadenas","decl":{"start":{"line":1,"column":9},"end":{"line":1,"column":24}},"loc":{"start":{"line":1,"column":33},"end":{"line":5,"column":1}},"line":1}},"branchMap":{},"s":{"0":1,"1":1,"2":1},"f":{"0":1},"b":{},"_coverageSchema":"1a1c01bbd47fc00a2c39e90264f33305004495a9","hash":"f4214b0a7d2be338a6f494775d823cc7e5af4515"}
}
