{"D:\\UNIVERSIDAD\\SEMESTRE 6\\ING DE SW\\PROYECTOS\\TDD calculadora strings\\parcel-jest-base\\src\\CalculadoraCadenas.js": {"path":"D:\\UNIVERSIDAD\\SEMESTRE 6\\ING DE SW\\PROYECTOS\\TDD calculadora strings\\parcel-jest-base\\src\\CalculadoraCadenas.js","statementMap":{"0":{"start":{"line":2,"column":15},"end":{"line":2,"column":16}},"1":{"start":{"line":3,"column":10},"end":{"line":3,"column":11}},"2":{"start":{"line":4,"column":4},"end":{"line":12,"column":5}},"3":{"start":{"line":5,"column":8},"end":{"line":10,"column":9}},"4":{"start":{"line":7,"column":22},"end":{"line":7,"column":41}},"5":{"start":{"line":8,"column":12},"end":{"line":8,"column":46}},"6":{"start":{"line":8,"column":34},"end":{"line":8,"column":46}},"7":{"start":{"line":9,"column":12},"end":{"line":9,"column":24}},"8":{"start":{"line":11,"column":8},"end":{"line":11,"column":12}},"9":{"start":{"line":13,"column":4},"end":{"line":13,"column":16}}},"fnMap":{"0":{"name":"calcularCadenas","decl":{"start":{"line":1,"column":9},"end":{"line":1,"column":24}},"loc":{"start":{"line":1,"column":32},"end":{"line":14,"column":1}},"line":1}},"branchMap":{"0":{"loc":{"start":{"line":5,"column":8},"end":{"line":10,"column":9}},"type":"if","locations":[{"start":{"line":5,"column":8},"end":{"line":10,"column":9}},{"start":{"line":5,"column":8},"end":{"line":10,"column":9}}],"line":5},"1":{"loc":{"start":{"line":5,"column":13},"end":{"line":5,"column":61}},"type":"binary-expr","locations":[{"start":{"line":5,"column":14},"end":{"line":5,"column":30}},{"start":{"line":5,"column":34},"end":{"line":5,"column":50}},{"start":{"line":5,"column":55},"end":{"line":5,"column":61}}],"line":5},"2":{"loc":{"start":{"line":8,"column":12},"end":{"line":8,"column":46}},"type":"if","locations":[{"start":{"line":8,"column":12},"end":{"line":8,"column":46}},{"start":{"line":8,"column":12},"end":{"line":8,"column":46}}],"line":8}},"s":{"0":13,"1":13,"2":13,"3":47,"4":31,"5":31,"6":8,"7":23,"8":39,"9":5},"f":{"0":13},"b":{"0":[31,16],"1":[47,33,20],"2":[8,23]},"_coverageSchema":"1a1c01bbd47fc00a2c39e90264f33305004495a9","hash":"eade5bce4f9d8d3e01ff23b0a8bc0580630022eb"}
}
